Added Component: Designator=D?(DO-214AC (SMA))
Added Component: Designator=P1(HDR DOMINO 3)
Added Component: Designator=P?(HDR DOMINO 3)
Added Component: Designator=Q?(SOT-23)
Added Component: Designator=R1(R 0805 (2012))
Added Component: Designator=R?(R 0805 (2012))
Added Component: Designator=RL?(RL_SPDT_10A)
Added Pin To Net: NetName=5V Pin=D?-2
Added Pin To Net: NetName=5V Pin=P1-3
Added Pin To Net: NetName=5V Pin=RL?-5
Added Net: Name=5V
Added Pin To Net: NetName=GND Pin=P1-2
Added Pin To Net: NetName=GND Pin=Q?-2
Added Pin To Net: NetName=GND Pin=R?-1
Added Net: Name=GND
Added Pin To Net: NetName=NetD?_1 Pin=D?-1
Added Pin To Net: NetName=NetD?_1 Pin=Q?-3
Added Pin To Net: NetName=NetD?_1 Pin=RL?-4
Added Net: Name=NetD?_1
Added Pin To Net: NetName=NetP?_1 Pin=P?-1
Added Pin To Net: NetName=NetP?_1 Pin=RL?-2
Added Net: Name=NetP?_1
Added Pin To Net: NetName=NetP?_2 Pin=P?-2
Added Pin To Net: NetName=NetP?_2 Pin=RL?-1
Added Net: Name=NetP?_2
Added Pin To Net: NetName=NetP?_3 Pin=P?-3
Added Pin To Net: NetName=NetP?_3 Pin=RL?-3
Added Net: Name=NetP?_3
Added Pin To Net: NetName=NetQ?_1 Pin=Q?-1
Added Pin To Net: NetName=NetQ?_1 Pin=R1-2
Added Pin To Net: NetName=NetQ?_1 Pin=R?-2
Added Net: Name=NetQ?_1
Added Pin To Net: NetName=SIG Pin=P1-1
Added Pin To Net: NetName=SIG Pin=R1-1
Added Net: Name=SIG
Added Class: Name=relay
Added Room: Name=relay
